This file contains any messages produced by compilers while
running configure, to aid debugging if configure makes a mistake.

It was created by protobuf-c configure 1.3.1, which was
generated by GNU Autoconf 2.69.  Invocation command line was

  $ ./configure --prefix=/opt/protoc/protocbuf-dsp

## --------- ##
## Platform. ##
## --------- ##

hostname = user1-yanhua-32g-1
uname -m = x86_64
uname -r = 4.15.0-43-generic
uname -s = Linux
uname -v = #46~16.04.1-Ubuntu SMP Fri Dec 7 13:31:08 UTC 2018

/usr/bin/uname -p = unknown
/bin/uname -X     = unknown

/bin/arch              = unknown
/usr/bin/arch -k       = unknown
/usr/convex/getsysinfo = unknown
/usr/bin/hostinfo      = unknown
/bin/machine           = unknown
/usr/bin/oslevel       = unknown
/bin/universe          = unknown

PATH: /usr/local/go/bin
PATH: /opt/go1.9/bin
PATH: /root/.local/share/umake/bin
PATH: /usr/local/sbin
PATH: /usr/local/bin
PATH: /usr/sbin
PATH: /usr/bin
PATH: /sbin
PATH: /bin
PATH: /snap/bin
PATH: /usr/local/protobuf/bin


## ----------- ##
## Core tests. ##
## ----------- ##

configure:2605: checking for a BSD-compatible install
configure:2673: result: /usr/bin/install -c
configure:2684: checking whether build environment is sane
configure:2739: result: yes
configure:2890: checking for a thread-safe mkdir -p
configure:2929: result: /bin/mkdir -p
configure:2936: checking for gawk
configure:2952: found /usr/bin/gawk
configure:2963: result: gawk
configure:2974: checking whether make sets $(MAKE)
configure:2996: result: yes
configure:3025: checking whether make supports nested variables
configure:3042: result: yes
configure:3172: checking whether make supports the include directive
configure:3187: make -f confmf.GNU && cat confinc.out
this is the am__doit target
configure:3190: $? = 0
configure:3209: result: yes (GNU style)
configure:3279: checking for gcc
configure:3295: found /usr/bin/gcc
configure:3306: result: gcc
configure:3535: checking for C compiler version
configure:3544: gcc --version >&5
gcc (Ubuntu 5.4.0-6ubuntu1~16.04.11) 5.4.0 20160609
Copyright (C) 2015 Free Software Foundation, Inc.
This is free software; see the source for copying conditions.  There is NO
warranty; not even for MERCHANTABILITY or FITNESS FOR A PARTICULAR PURPOSE.

configure:3555: $? = 0
configure:3544: gcc -v >&5
Using built-in specs.
COLLECT_GCC=gcc
COLLECT_LTO_WRAPPER=/usr/lib/gcc/x86_64-linux-gnu/5/lto-wrapper
Target: x86_64-linux-gnu
Configured with: ../src/configure -v --with-pkgversion='Ubuntu 5.4.0-6ubuntu1~16.04.11' --with-bugurl=file:///usr/share/doc/gcc-5/README.Bugs --enable-languages=c,ada,c++,java,go,d,fortran,objc,obj-c++ --prefix=/usr --program-suffix=-5 --enable-shared --enable-linker-build-id --libexecdir=/usr/lib --without-included-gettext --enable-threads=posix --libdir=/usr/lib --enable-nls --with-sysroot=/ --enable-clocale=gnu --enable-libstdcxx-debug --enable-libstdcxx-time=yes --with-default-libstdcxx-abi=new --enable-gnu-unique-object --disable-vtable-verify --enable-libmpx --enable-plugin --with-system-zlib --disable-browser-plugin --enable-java-awt=gtk --enable-gtk-cairo --with-java-home=/usr/lib/jvm/java-1.5.0-gcj-5-amd64/jre --enable-java-home --with-jvm-root-dir=/usr/lib/jvm/java-1.5.0-gcj-5-amd64 --with-jvm-jar-dir=/usr/lib/jvm-exports/java-1.5.0-gcj-5-amd64 --with-arch-directory=amd64 --with-ecj-jar=/usr/share/java/eclipse-ecj.jar --enable-objc-gc --enable-multiarch --disable-werror --with-arch-32=i686 --with-abi=m64 --with-multilib-list=m32,m64,mx32 --enable-multilib --with-tune=generic --enable-checking=release --build=x86_64-linux-gnu --host=x86_64-linux-gnu --target=x86_64-linux-gnu
Thread model: posix
gcc version 5.4.0 20160609 (Ubuntu 5.4.0-6ubuntu1~16.04.11) 
configure:3555: $? = 0
configure:3544: gcc -V >&5
gcc: error: unrecognized command line option '-V'
gcc: fatal error: no input files
compilation terminated.
configure:3555: $? = 1
configure:3544: gcc -qversion >&5
gcc: error: unrecognized command line option '-qversion'
gcc: fatal error: no input files
compilation terminated.
configure:3555: $? = 1
configure:3575: checking whether the C compiler works
configure:3597: gcc    conftest.c  >&5
configure:3601: $? = 0
configure:3649: result: yes
configure:3652: checking for C compiler default output file name
configure:3654: result: a.out
configure:3660: checking for suffix of executables
configure:3667: gcc -o conftest    conftest.c  >&5
configure:3671: $? = 0
configure:3693: result: 
configure:3715: checking whether we are cross compiling
configure:3723: gcc -o conftest    conftest.c  >&5
configure:3727: $? = 0
configure:3734: ./conftest
configure:3738: $? = 0
configure:3753: result: no
configure:3758: checking for suffix of object files
configure:3780: gcc -c   conftest.c >&5
configure:3784: $? = 0
configure:3805: result: o
configure:3809: checking whether we are using the GNU C compiler
configure:3828: gcc -c   conftest.c >&5
configure:3828: $? = 0
configure:3837: result: yes
configure:3846: checking whether gcc accepts -g
configure:3866: gcc -c -g  conftest.c >&5
configure:3866: $? = 0
configure:3907: result: yes
configure:3924: checking for gcc option to accept ISO C89
configure:3987: gcc  -c -g -O2  conftest.c >&5
configure:3987: $? = 0
configure:4000: result: none needed
configure:4025: checking whether gcc understands -c and -o together
configure:4047: gcc -c conftest.c -o conftest2.o
configure:4050: $? = 0
configure:4047: gcc -c conftest.c -o conftest2.o
configure:4050: $? = 0
configure:4062: result: yes
configure:4081: checking dependency style of gcc
configure:4192: result: gcc3
configure:4211: checking for gcc option to accept ISO C99
configure:4360: gcc  -c -g -O2  conftest.c >&5
configure:4360: $? = 0
configure:4373: result: none needed
configure:4481: checking for gcc option to accept ISO Standard C
configure:4492: result: none needed
configure:4557: checking for g++
configure:4573: found /usr/bin/g++
configure:4584: result: g++
configure:4611: checking for C++ compiler version
configure:4620: g++ --version >&5
g++ (Ubuntu 5.4.0-6ubuntu1~16.04.11) 5.4.0 20160609
Copyright (C) 2015 Free Software Foundation, Inc.
This is free software; see the source for copying conditions.  There is NO
warranty; not even for MERCHANTABILITY or FITNESS FOR A PARTICULAR PURPOSE.

configure:4631: $? = 0
configure:4620: g++ -v >&5
Using built-in specs.
COLLECT_GCC=g++
COLLECT_LTO_WRAPPER=/usr/lib/gcc/x86_64-linux-gnu/5/lto-wrapper
Target: x86_64-linux-gnu
Configured with: ../src/configure -v --with-pkgversion='Ubuntu 5.4.0-6ubuntu1~16.04.11' --with-bugurl=file:///usr/share/doc/gcc-5/README.Bugs --enable-languages=c,ada,c++,java,go,d,fortran,objc,obj-c++ --prefix=/usr --program-suffix=-5 --enable-shared --enable-linker-build-id --libexecdir=/usr/lib --without-included-gettext --enable-threads=posix --libdir=/usr/lib --enable-nls --with-sysroot=/ --enable-clocale=gnu --enable-libstdcxx-debug --enable-libstdcxx-time=yes --with-default-libstdcxx-abi=new --enable-gnu-unique-object --disable-vtable-verify --enable-libmpx --enable-plugin --with-system-zlib --disable-browser-plugin --enable-java-awt=gtk --enable-gtk-cairo --with-java-home=/usr/lib/jvm/java-1.5.0-gcj-5-amd64/jre --enable-java-home --with-jvm-root-dir=/usr/lib/jvm/java-1.5.0-gcj-5-amd64 --with-jvm-jar-dir=/usr/lib/jvm-exports/java-1.5.0-gcj-5-amd64 --with-arch-directory=amd64 --with-ecj-jar=/usr/share/java/eclipse-ecj.jar --enable-objc-gc --enable-multiarch --disable-werror --with-arch-32=i686 --with-abi=m64 --with-multilib-list=m32,m64,mx32 --enable-multilib --with-tune=generic --enable-checking=release --build=x86_64-linux-gnu --host=x86_64-linux-gnu --target=x86_64-linux-gnu
Thread model: posix
gcc version 5.4.0 20160609 (Ubuntu 5.4.0-6ubuntu1~16.04.11) 
configure:4631: $? = 0
configure:4620: g++ -V >&5
g++: error: unrecognized command line option '-V'
g++: fatal error: no input files
compilation terminated.
configure:4631: $? = 1
configure:4620: g++ -qversion >&5
g++: error: unrecognized command line option '-qversion'
g++: fatal error: no input files
compilation terminated.
configure:4631: $? = 1
configure:4635: checking whether we are using the GNU C++ compiler
configure:4654: g++ -c   conftest.cpp >&5
configure:4654: $? = 0
configure:4663: result: yes
configure:4672: checking whether g++ accepts -g
configure:4692: g++ -c -g  conftest.cpp >&5
configure:4692: $? = 0
configure:4733: result: yes
configure:4758: checking dependency style of g++
configure:4869: result: gcc3
configure:4884: checking whether ln -s works
configure:4888: result: yes
configure:4902: checking how to run the C preprocessor
configure:4933: gcc -E  conftest.c
configure:4933: $? = 0
configure:4947: gcc -E  conftest.c
conftest.c:11:28: fatal error: ac_nonexistent.h: No such file or directory
compilation terminated.
configure:4947: $? = 1
configure: failed program was:
| /* confdefs.h */
| #define PACKAGE_NAME "protobuf-c"
| #define PACKAGE_TARNAME "protobuf-c"
| #define PACKAGE_VERSION "1.3.1"
| #define PACKAGE_STRING "protobuf-c 1.3.1"
| #define PACKAGE_BUGREPORT "https://github.com/protobuf-c/protobuf-c/issues"
| #define PACKAGE_URL "https://github.com/protobuf-c/protobuf-c"
| #define PACKAGE "protobuf-c"
| #define VERSION "1.3.1"
| /* end confdefs.h.  */
| #include <ac_nonexistent.h>
configure:4972: result: gcc -E
configure:4992: gcc -E  conftest.c
configure:4992: $? = 0
configure:5006: gcc -E  conftest.c
conftest.c:11:28: fatal error: ac_nonexistent.h: No such file or directory
compilation terminated.
configure:5006: $? = 1
configure: failed program was:
| /* confdefs.h */
| #define PACKAGE_NAME "protobuf-c"
| #define PACKAGE_TARNAME "protobuf-c"
| #define PACKAGE_VERSION "1.3.1"
| #define PACKAGE_STRING "protobuf-c 1.3.1"
| #define PACKAGE_BUGREPORT "https://github.com/protobuf-c/protobuf-c/issues"
| #define PACKAGE_URL "https://github.com/protobuf-c/protobuf-c"
| #define PACKAGE "protobuf-c"
| #define VERSION "1.3.1"
| /* end confdefs.h.  */
| #include <ac_nonexistent.h>
configure:5035: checking for grep that handles long lines and -e
configure:5093: result: /bin/grep
configure:5098: checking for egrep
configure:5160: result: /bin/grep -E
configure:5165: checking for ANSI C header files
configure:5185: gcc -c -g -O2  conftest.c >&5
configure:5185: $? = 0
configure:5258: gcc -o conftest -g -O2   conftest.c  >&5
configure:5258: $? = 0
configure:5258: ./conftest
configure:5258: $? = 0
configure:5269: result: yes
configure:5282: checking for sys/types.h
configure:5282: gcc -c -g -O2  conftest.c >&5
configure:5282: $? = 0
configure:5282: result: yes
configure:5282: checking for sys/stat.h
configure:5282: gcc -c -g -O2  conftest.c >&5
configure:5282: $? = 0
configure:5282: result: yes
configure:5282: checking for stdlib.h
configure:5282: gcc -c -g -O2  conftest.c >&5
configure:5282: $? = 0
configure:5282: result: yes
configure:5282: checking for string.h
configure:5282: gcc -c -g -O2  conftest.c >&5
configure:5282: $? = 0
configure:5282: result: yes
configure:5282: checking for memory.h
configure:5282: gcc -c -g -O2  conftest.c >&5
configure:5282: $? = 0
configure:5282: result: yes
configure:5282: checking for strings.h
configure:5282: gcc -c -g -O2  conftest.c >&5
configure:5282: $? = 0
configure:5282: result: yes
configure:5282: checking for inttypes.h
configure:5282: gcc -c -g -O2  conftest.c >&5
configure:5282: $? = 0
configure:5282: result: yes
configure:5282: checking for stdint.h
configure:5282: gcc -c -g -O2  conftest.c >&5
configure:5282: $? = 0
configure:5282: result: yes
configure:5282: checking for unistd.h
configure:5282: gcc -c -g -O2  conftest.c >&5
configure:5282: $? = 0
configure:5282: result: yes
configure:5295: checking minix/config.h usability
configure:5295: gcc -c -g -O2  conftest.c >&5
conftest.c:54:26: fatal error: minix/config.h: No such file or directory
compilation terminated.
configure:5295: $? = 1
configure: failed program was:
| /* confdefs.h */
| #define PACKAGE_NAME "protobuf-c"
| #define PACKAGE_TARNAME "protobuf-c"
| #define PACKAGE_VERSION "1.3.1"
| #define PACKAGE_STRING "protobuf-c 1.3.1"
| #define PACKAGE_BUGREPORT "https://github.com/protobuf-c/protobuf-c/issues"
| #define PACKAGE_URL "https://github.com/protobuf-c/protobuf-c"
| #define PACKAGE "protobuf-c"
| #define VERSION "1.3.1"
| #define STDC_HEADERS 1
| #define HAVE_SYS_TYPES_H 1
| #define HAVE_SYS_STAT_H 1
| #define HAVE_STDLIB_H 1
| #define HAVE_STRING_H 1
| #define HAVE_MEMORY_H 1
| #define HAVE_STRINGS_H 1
| #define HAVE_INTTYPES_H 1
| #define HAVE_STDINT_H 1
| #define HAVE_UNISTD_H 1
| /* end confdefs.h.  */
| #include <stdio.h>
| #ifdef HAVE_SYS_TYPES_H
| # include <sys/types.h>
| #endif
| #ifdef HAVE_SYS_STAT_H
| # include <sys/stat.h>
| #endif
| #ifdef STDC_HEADERS
| # include <stdlib.h>
| # include <stddef.h>
| #else
| # ifdef HAVE_STDLIB_H
| #  include <stdlib.h>
| # endif
| #endif
| #ifdef HAVE_STRING_H
| # if !defined STDC_HEADERS && defined HAVE_MEMORY_H
| #  include <memory.h>
| # endif
| # include <string.h>
| #endif
| #ifdef HAVE_STRINGS_H
| # include <strings.h>
| #endif
| #ifdef HAVE_INTTYPES_H
| # include <inttypes.h>
| #endif
| #ifdef HAVE_STDINT_H
| # include <stdint.h>
| #endif
| #ifdef HAVE_UNISTD_H
| # include <unistd.h>
| #endif
| #include <minix/config.h>
configure:5295: result: no
configure:5295: checking minix/config.h presence
configure:5295: gcc -E  conftest.c
conftest.c:21:26: fatal error: minix/config.h: No such file or directory
compilation terminated.
configure:5295: $? = 1
configure: failed program was:
| /* confdefs.h */
| #define PACKAGE_NAME "protobuf-c"
| #define PACKAGE_TARNAME "protobuf-c"
| #define PACKAGE_VERSION "1.3.1"
| #define PACKAGE_STRING "protobuf-c 1.3.1"
| #define PACKAGE_BUGREPORT "https://github.com/protobuf-c/protobuf-c/issues"
| #define PACKAGE_URL "https://github.com/protobuf-c/protobuf-c"
| #define PACKAGE "protobuf-c"
| #define VERSION "1.3.1"
| #define STDC_HEADERS 1
| #define HAVE_SYS_TYPES_H 1
| #define HAVE_SYS_STAT_H 1
| #define HAVE_STDLIB_H 1
| #define HAVE_STRING_H 1
| #define HAVE_MEMORY_H 1
| #define HAVE_STRINGS_H 1
| #define HAVE_INTTYPES_H 1
| #define HAVE_STDINT_H 1
| #define HAVE_UNISTD_H 1
| /* end confdefs.h.  */
| #include <minix/config.h>
configure:5295: result: no
configure:5295: checking for minix/config.h
configure:5295: result: no
configure:5316: checking whether it is safe to define __EXTENSIONS__
configure:5334: gcc -c -g -O2  conftest.c >&5
configure:5334: $? = 0
configure:5341: result: yes
configure:5362: checking for special C compiler options needed for large files
configure:5407: result: no
configure:5413: checking for _FILE_OFFSET_BITS value needed for large files
configure:5438: gcc -c -g -O2  conftest.c >&5
configure:5438: $? = 0
configure:5470: result: no
configure:5567: checking whether make supports nested variables
configure:5584: result: yes
configure:5624: checking build system type
configure:5638: result: x86_64-pc-linux-gnu
configure:5658: checking host system type
configure:5671: result: x86_64-pc-linux-gnu
configure:5712: checking how to print strings
configure:5739: result: printf
configure:5760: checking for a sed that does not truncate output
configure:5824: result: /bin/sed
configure:5842: checking for fgrep
configure:5904: result: /bin/grep -F
configure:5939: checking for ld used by gcc
configure:6006: result: /usr/bin/ld
configure:6013: checking if the linker (/usr/bin/ld) is GNU ld
configure:6028: result: yes
configure:6040: checking for BSD- or MS-compatible name lister (nm)
configure:6094: result: /usr/bin/nm -B
configure:6224: checking the name lister (/usr/bin/nm -B) interface
configure:6231: gcc -c -g -O2  conftest.c >&5
configure:6234: /usr/bin/nm -B "conftest.o"
configure:6237: output
0000000000000000 B some_variable
configure:6244: result: BSD nm
configure:6248: checking the maximum length of command line arguments
configure:6379: result: 1572864
configure:6427: checking how to convert x86_64-pc-linux-gnu file names to x86_64-pc-linux-gnu format
configure:6467: result: func_convert_file_noop
configure:6474: checking how to convert x86_64-pc-linux-gnu file names to toolchain format
configure:6494: result: func_convert_file_noop
configure:6501: checking for /usr/bin/ld option to reload object files
configure:6508: result: -r
configure:6582: checking for objdump
configure:6598: found /usr/bin/objdump
configure:6609: result: objdump
configure:6641: checking how to recognize dependent libraries
configure:6841: result: pass_all
configure:6926: checking for dlltool
configure:6956: result: no
configure:6986: checking how to associate runtime and link libraries
configure:7013: result: printf %s\n
configure:7073: checking for ar
configure:7089: found /usr/bin/ar
configure:7100: result: ar
configure:7137: checking for archiver @FILE support
configure:7154: gcc -c -g -O2  conftest.c >&5
configure:7154: $? = 0
configure:7157: ar cru libconftest.a @conftest.lst >&5
ar: `u' modifier ignored since `D' is the default (see `U')
configure:7160: $? = 0
configure:7165: ar cru libconftest.a @conftest.lst >&5
ar: `u' modifier ignored since `D' is the default (see `U')
ar: conftest.o: No such file or directory
configure:7168: $? = 1
configure:7180: result: @
configure:7238: checking for strip
configure:7254: found /usr/bin/strip
configure:7265: result: strip
configure:7337: checking for ranlib
configure:7353: found /usr/bin/ranlib
configure:7364: result: ranlib
configure:7466: checking command to parse /usr/bin/nm -B output from gcc object
configure:7619: gcc -c -g -O2  conftest.c >&5
configure:7622: $? = 0
configure:7626: /usr/bin/nm -B conftest.o \| sed -n -e 's/^.*[ ]\([ABCDGIRSTW][ABCDGIRSTW]*\)[ ][ ]*\([_A-Za-z][_A-Za-z0-9]*\)$/\1 \2 \2/p' | sed '/ __gnu_lto/d' \> conftest.nm
configure:7629: $? = 0
configure:7695: gcc -o conftest -g -O2   conftest.c conftstm.o >&5
configure:7698: $? = 0
configure:7736: result: ok
configure:7783: checking for sysroot
configure:7813: result: no
configure:7820: checking for a working dd
configure:7858: result: /bin/dd
configure:7862: checking how to truncate binary pipes
configure:7877: result: /bin/dd bs=4096 count=1
configure:8013: gcc -c -g -O2  conftest.c >&5
configure:8016: $? = 0
configure:8206: checking for mt
configure:8222: found /bin/mt
configure:8233: result: mt
configure:8256: checking if mt is a manifest tool
configure:8262: mt '-?'
configure:8270: result: no
configure:8944: checking for dlfcn.h
configure:8944: gcc -c -g -O2  conftest.c >&5
configure:8944: $? = 0
configure:8944: result: yes
configure:9211: checking for objdir
configure:9226: result: .libs
configure:9490: checking if gcc supports -fno-rtti -fno-exceptions
configure:9508: gcc -c -g -O2  -fno-rtti -fno-exceptions conftest.c >&5
cc1: warning: command line option '-fno-rtti' is valid for C++/ObjC++ but not for C
configure:9512: $? = 0
configure:9525: result: no
configure:9883: checking for gcc option to produce PIC
configure:9890: result: -fPIC -DPIC
configure:9898: checking if gcc PIC flag -fPIC -DPIC works
configure:9916: gcc -c -g -O2  -fPIC -DPIC -DPIC conftest.c >&5
configure:9920: $? = 0
configure:9933: result: yes
configure:9962: checking if gcc static flag -static works
configure:9990: result: yes
configure:10005: checking if gcc supports -c -o file.o
configure:10026: gcc -c -g -O2  -o out/conftest2.o conftest.c >&5
configure:10030: $? = 0
configure:10052: result: yes
configure:10060: checking if gcc supports -c -o file.o
configure:10107: result: yes
configure:10140: checking whether the gcc linker (/usr/bin/ld -m elf_x86_64) supports shared libraries
configure:11403: result: yes
configure:11440: checking whether -lc should be explicitly linked in
configure:11448: gcc -c -g -O2  conftest.c >&5
configure:11451: $? = 0
configure:11466: gcc -shared  -fPIC -DPIC conftest.o  -v -Wl,-soname -Wl,conftest -o conftest 2\>\&1 \| /bin/grep  -lc  \>/dev/null 2\>\&1
configure:11469: $? = 0
configure:11483: result: no
configure:11643: checking dynamic linker characteristics
configure:12224: gcc -o conftest -g -O2   -Wl,-rpath -Wl,/foo conftest.c  >&5
configure:12224: $? = 0
configure:12473: result: GNU/Linux ld.so
configure:12595: checking how to hardcode library paths into programs
configure:12620: result: immediate
configure:13168: checking whether stripping libraries is possible
configure:13173: result: yes
configure:13208: checking if libtool supports shared libraries
configure:13210: result: yes
configure:13213: checking whether to build shared libraries
configure:13238: result: yes
configure:13241: checking whether to build static libraries
configure:13245: result: yes
configure:13268: checking how to run the C++ preprocessor
configure:13295: g++ -E  conftest.cpp
configure:13295: $? = 0
configure:13309: g++ -E  conftest.cpp
conftest.cpp:28:28: fatal error: ac_nonexistent.h: No such file or directory
compilation terminated.
configure:13309: $? = 1
configure: failed program was:
| /* confdefs.h */
| #define PACKAGE_NAME "protobuf-c"
| #define PACKAGE_TARNAME "protobuf-c"
| #define PACKAGE_VERSION "1.3.1"
| #define PACKAGE_STRING "protobuf-c 1.3.1"
| #define PACKAGE_BUGREPORT "https://github.com/protobuf-c/protobuf-c/issues"
| #define PACKAGE_URL "https://github.com/protobuf-c/protobuf-c"
| #define PACKAGE "protobuf-c"
| #define VERSION "1.3.1"
| #define STDC_HEADERS 1
| #define HAVE_SYS_TYPES_H 1
| #define HAVE_SYS_STAT_H 1
| #define HAVE_STDLIB_H 1
| #define HAVE_STRING_H 1
| #define HAVE_MEMORY_H 1
| #define HAVE_STRINGS_H 1
| #define HAVE_INTTYPES_H 1
| #define HAVE_STDINT_H 1
| #define HAVE_UNISTD_H 1
| #define __EXTENSIONS__ 1
| #define _ALL_SOURCE 1
| #define _GNU_SOURCE 1
| #define _POSIX_PTHREAD_SEMANTICS 1
| #define _TANDEM_SOURCE 1
| #define HAVE_DLFCN_H 1
| #define LT_OBJDIR ".libs/"
| /* end confdefs.h.  */
| #include <ac_nonexistent.h>
configure:13334: result: g++ -E
configure:13354: g++ -E  conftest.cpp
configure:13354: $? = 0
configure:13368: g++ -E  conftest.cpp
conftest.cpp:28:28: fatal error: ac_nonexistent.h: No such file or directory
compilation terminated.
configure:13368: $? = 1
configure: failed program was:
| /* confdefs.h */
| #define PACKAGE_NAME "protobuf-c"
| #define PACKAGE_TARNAME "protobuf-c"
| #define PACKAGE_VERSION "1.3.1"
| #define PACKAGE_STRING "protobuf-c 1.3.1"
| #define PACKAGE_BUGREPORT "https://github.com/protobuf-c/protobuf-c/issues"
| #define PACKAGE_URL "https://github.com/protobuf-c/protobuf-c"
| #define PACKAGE "protobuf-c"
| #define VERSION "1.3.1"
| #define STDC_HEADERS 1
| #define HAVE_SYS_TYPES_H 1
| #define HAVE_SYS_STAT_H 1
| #define HAVE_STDLIB_H 1
| #define HAVE_STRING_H 1
| #define HAVE_MEMORY_H 1
| #define HAVE_STRINGS_H 1
| #define HAVE_INTTYPES_H 1
| #define HAVE_STDINT_H 1
| #define HAVE_UNISTD_H 1
| #define __EXTENSIONS__ 1
| #define _ALL_SOURCE 1
| #define _GNU_SOURCE 1
| #define _POSIX_PTHREAD_SEMANTICS 1
| #define _TANDEM_SOURCE 1
| #define HAVE_DLFCN_H 1
| #define LT_OBJDIR ".libs/"
| /* end confdefs.h.  */
| #include <ac_nonexistent.h>
configure:13530: checking for ld used by g++
configure:13597: result: /usr/bin/ld -m elf_x86_64
configure:13604: checking if the linker (/usr/bin/ld -m elf_x86_64) is GNU ld
configure:13619: result: yes
configure:13674: checking whether the g++ linker (/usr/bin/ld -m elf_x86_64) supports shared libraries
configure:14747: result: yes
configure:14783: g++ -c -g -O2  conftest.cpp >&5
configure:14786: $? = 0
configure:15267: checking for g++ option to produce PIC
configure:15274: result: -fPIC -DPIC
configure:15282: checking if g++ PIC flag -fPIC -DPIC works
configure:15300: g++ -c -g -O2  -fPIC -DPIC -DPIC conftest.cpp >&5
configure:15304: $? = 0
configure:15317: result: yes
configure:15340: checking if g++ static flag -static works
configure:15368: result: yes
configure:15380: checking if g++ supports -c -o file.o
configure:15401: g++ -c -g -O2  -o out/conftest2.o conftest.cpp >&5
configure:15405: $? = 0
configure:15427: result: yes
configure:15432: checking if g++ supports -c -o file.o
configure:15479: result: yes
configure:15509: checking whether the g++ linker (/usr/bin/ld -m elf_x86_64) supports shared libraries
configure:15552: result: yes
configure:15693: checking dynamic linker characteristics
configure:16450: result: GNU/Linux ld.so
configure:16515: checking how to hardcode library paths into programs
configure:16540: result: immediate
configure:16624: checking whether C compiler accepts "-Wc99-c11-compat"
configure:16643: gcc -c -g -O2  -Wc99-c11-compat  conftest.c >&5
configure:16643: $? = 0
configure:16652: result: yes
configure:16661: checking whether C compiler accepts "-Werror=incompatible-pointer-types"
configure:16680: gcc -c -g -O2  -Werror=incompatible-pointer-types  conftest.c >&5
configure:16680: $? = 0
configure:16689: result: yes
configure:16698: checking whether C compiler accepts "-Werror=int-conversion"
configure:16717: gcc -c -g -O2  -Werror=int-conversion  conftest.c >&5
configure:16717: $? = 0
configure:16726: result: yes
configure:16735: checking whether C compiler accepts "-Wnull-dereference"
configure:16754: gcc -c -g -O2  -Wnull-dereference  conftest.c >&5
gcc: error: unrecognized command line option '-Wnull-dereference'
configure:16754: $? = 1
configure: failed program was:
| /* confdefs.h */
| #define PACKAGE_NAME "protobuf-c"
| #define PACKAGE_TARNAME "protobuf-c"
| #define PACKAGE_VERSION "1.3.1"
| #define PACKAGE_STRING "protobuf-c 1.3.1"
| #define PACKAGE_BUGREPORT "https://github.com/protobuf-c/protobuf-c/issues"
| #define PACKAGE_URL "https://github.com/protobuf-c/protobuf-c"
| #define PACKAGE "protobuf-c"
| #define VERSION "1.3.1"
| #define STDC_HEADERS 1
| #define HAVE_SYS_TYPES_H 1
| #define HAVE_SYS_STAT_H 1
| #define HAVE_STDLIB_H 1
| #define HAVE_STRING_H 1
| #define HAVE_MEMORY_H 1
| #define HAVE_STRINGS_H 1
| #define HAVE_INTTYPES_H 1
| #define HAVE_STDINT_H 1
| #define HAVE_UNISTD_H 1
| #define __EXTENSIONS__ 1
| #define _ALL_SOURCE 1
| #define _GNU_SOURCE 1
| #define _POSIX_PTHREAD_SEMANTICS 1
| #define _TANDEM_SOURCE 1
| #define HAVE_DLFCN_H 1
| #define LT_OBJDIR ".libs/"
| /* end confdefs.h.  */
| 
| int
| main ()
| {
| 
|   ;
|   return 0;
| }
configure:16763: result: no
configure:16777: checking for doxygen
configure:16807: result: no
configure:16885: checking for pkg-config
configure:16903: found /usr/bin/pkg-config
configure:16915: result: /usr/bin/pkg-config
configure:16940: checking pkg-config is at least version 0.9.0
configure:16943: result: yes
configure:17017: checking whether g++ supports C++11 features with -std=c++11
configure:17313: g++ -std=c++11 -c -g -O2  conftest.cpp >&5
configure:17313: $? = 0
configure:17322: result: yes
configure:17364: checking for protobuf
configure:17371: $PKG_CONFIG --exists --print-errors "protobuf >= 3.0.0"
configure:17374: $? = 0
configure:17388: $PKG_CONFIG --exists --print-errors "protobuf >= 3.0.0"
configure:17391: $? = 0
configure:17611: result: yes
configure:17621: checking google/protobuf/compiler/command_line_interface.h usability
configure:17621: g++ -std=c++11 -c -g -O2  -pthread -I/opt/protoc/protobuf-all/include conftest.cpp >&5
configure:17621: $? = 0
configure:17621: result: yes
configure:17621: checking google/protobuf/compiler/command_line_interface.h presence
configure:17621: g++ -E -std=c++11  -pthread -I/opt/protoc/protobuf-all/include conftest.cpp
configure:17621: $? = 0
configure:17621: result: yes
configure:17621: checking for google/protobuf/compiler/command_line_interface.h
configure:17621: result: yes
configure:17638: checking for protoc
configure:17657: found /opt/protoc/protobuf-all/bin/protoc
configure:17669: result: /opt/protoc/protobuf-all/bin/protoc
configure:17725: checking if LD -Wl,--version-script works
configure:17743: g++ -std=c++11 -o conftest -g -O2   -Wl,--version-script=conftest.map conftest.cpp  >&5
/usr/bin/ld:conftest.map:2: syntax error in VERSION script
collect2: error: ld returned 1 exit status
configure:17743: $? = 1
configure: failed program was:
| /* confdefs.h */
| #define PACKAGE_NAME "protobuf-c"
| #define PACKAGE_TARNAME "protobuf-c"
| #define PACKAGE_VERSION "1.3.1"
| #define PACKAGE_STRING "protobuf-c 1.3.1"
| #define PACKAGE_BUGREPORT "https://github.com/protobuf-c/protobuf-c/issues"
| #define PACKAGE_URL "https://github.com/protobuf-c/protobuf-c"
| #define PACKAGE "protobuf-c"
| #define VERSION "1.3.1"
| #define STDC_HEADERS 1
| #define HAVE_SYS_TYPES_H 1
| #define HAVE_SYS_STAT_H 1
| #define HAVE_STDLIB_H 1
| #define HAVE_STRING_H 1
| #define HAVE_MEMORY_H 1
| #define HAVE_STRINGS_H 1
| #define HAVE_INTTYPES_H 1
| #define HAVE_STDINT_H 1
| #define HAVE_UNISTD_H 1
| #define __EXTENSIONS__ 1
| #define _ALL_SOURCE 1
| #define _GNU_SOURCE 1
| #define _POSIX_PTHREAD_SEMANTICS 1
| #define _TANDEM_SOURCE 1
| #define HAVE_DLFCN_H 1
| #define LT_OBJDIR ".libs/"
| #define HAVE_CXX11 1
| #define HAVE_GOOGLE_PROTOBUF_COMPILER_COMMAND_LINE_INTERFACE_H 1
| #define HAVE_PROTO3 1
| /* end confdefs.h.  */
| 
| int
| main ()
| {
| 
|   ;
|   return 0;
| }
configure:17771: g++ -std=c++11 -o conftest -g -O2   -Wl,--version-script=conftest.map conftest.cpp  >&5
configure:17771: $? = 0
configure:17783: result: yes
configure:17860: checking whether self tests are run under valgrind
configure:17862: result: no
configure:17867: checking whether to build with code coverage support
configure:17886: result: no
configure:18075: checking whether byte ordering is bigendian
configure:18090: g++ -std=c++11 -c -g -O2  conftest.cpp >&5
conftest.cpp:32:9: error: expected unqualified-id before 'not' token
         not a universal capable compiler
         ^
configure:18090: $? = 1
configure: failed program was:
| /* confdefs.h */
| #define PACKAGE_NAME "protobuf-c"
| #define PACKAGE_TARNAME "protobuf-c"
| #define PACKAGE_VERSION "1.3.1"
| #define PACKAGE_STRING "protobuf-c 1.3.1"
| #define PACKAGE_BUGREPORT "https://github.com/protobuf-c/protobuf-c/issues"
| #define PACKAGE_URL "https://github.com/protobuf-c/protobuf-c"
| #define PACKAGE "protobuf-c"
| #define VERSION "1.3.1"
| #define STDC_HEADERS 1
| #define HAVE_SYS_TYPES_H 1
| #define HAVE_SYS_STAT_H 1
| #define HAVE_STDLIB_H 1
| #define HAVE_STRING_H 1
| #define HAVE_MEMORY_H 1
| #define HAVE_STRINGS_H 1
| #define HAVE_INTTYPES_H 1
| #define HAVE_STDINT_H 1
| #define HAVE_UNISTD_H 1
| #define __EXTENSIONS__ 1
| #define _ALL_SOURCE 1
| #define _GNU_SOURCE 1
| #define _POSIX_PTHREAD_SEMANTICS 1
| #define _TANDEM_SOURCE 1
| #define HAVE_DLFCN_H 1
| #define LT_OBJDIR ".libs/"
| #define HAVE_CXX11 1
| #define HAVE_GOOGLE_PROTOBUF_COMPILER_COMMAND_LINE_INTERFACE_H 1
| #define HAVE_PROTO3 1
| /* end confdefs.h.  */
| #ifndef __APPLE_CC__
| 	       not a universal capable compiler
| 	     #endif
| 	     typedef int dummy;
| 
configure:18135: g++ -std=c++11 -c -g -O2  conftest.cpp >&5
configure:18135: $? = 0
configure:18153: g++ -std=c++11 -c -g -O2  conftest.cpp >&5
conftest.cpp: In function 'int main()':
conftest.cpp:38:8: error: 'big' was not declared in this scope
    not big endian
        ^
configure:18153: $? = 1
configure: failed program was:
| /* confdefs.h */
| #define PACKAGE_NAME "protobuf-c"
| #define PACKAGE_TARNAME "protobuf-c"
| #define PACKAGE_VERSION "1.3.1"
| #define PACKAGE_STRING "protobuf-c 1.3.1"
| #define PACKAGE_BUGREPORT "https://github.com/protobuf-c/protobuf-c/issues"
| #define PACKAGE_URL "https://github.com/protobuf-c/protobuf-c"
| #define PACKAGE "protobuf-c"
| #define VERSION "1.3.1"
| #define STDC_HEADERS 1
| #define HAVE_SYS_TYPES_H 1
| #define HAVE_SYS_STAT_H 1
| #define HAVE_STDLIB_H 1
| #define HAVE_STRING_H 1
| #define HAVE_MEMORY_H 1
| #define HAVE_STRINGS_H 1
| #define HAVE_INTTYPES_H 1
| #define HAVE_STDINT_H 1
| #define HAVE_UNISTD_H 1
| #define __EXTENSIONS__ 1
| #define _ALL_SOURCE 1
| #define _GNU_SOURCE 1
| #define _POSIX_PTHREAD_SEMANTICS 1
| #define _TANDEM_SOURCE 1
| #define HAVE_DLFCN_H 1
| #define LT_OBJDIR ".libs/"
| #define HAVE_CXX11 1
| #define HAVE_GOOGLE_PROTOBUF_COMPILER_COMMAND_LINE_INTERFACE_H 1
| #define HAVE_PROTO3 1
| /* end confdefs.h.  */
| #include <sys/types.h>
| 		#include <sys/param.h>
| 
| int
| main ()
| {
| #if BYTE_ORDER != BIG_ENDIAN
| 		 not big endian
| 		#endif
| 
|   ;
|   return 0;
| }
configure:18281: result: no
configure:18409: checking that generated files are newer than configure
configure:18415: result: done
configure:18467: creating ./config.status

## ---------------------- ##
## Running config.status. ##
## ---------------------- ##

This file was extended by protobuf-c config.status 1.3.1, which was
generated by GNU Autoconf 2.69.  Invocation command line was

  CONFIG_FILES    = 
  CONFIG_HEADERS  = 
  CONFIG_LINKS    = 
  CONFIG_COMMANDS = 
  $ ./config.status 

on user1-yanhua-32g-1

config.status:1266: creating Makefile
config.status:1266: creating protobuf-c/libprotobuf-c.pc
config.status:1266: creating config.h
config.status:1495: executing depfiles commands
config.status:1572: cd .       && sed -e '/# am--include-marker/d' Makefile         | make -f - am--depfiles
config.status:1577: $? = 0
config.status:1495: executing libtool commands
configure:20896: result:
    protobuf-c 1.3.1

        CC:                     gcc
        CFLAGS:                 -g -O2
        CXX:                    g++ -std=c++11
        CXXFLAGS:               -g -O2
        LDFLAGS:                
        LIBS:                   

        prefix:                 /opt/protoc/protocbuf-dsp
        sysconfdir:             ${prefix}/etc
        libdir:                 ${exec_prefix}/lib
        includedir:             ${prefix}/include
        pkgconfigdir:           ${libdir}/pkgconfig

        bigendian:              no
        protobuf version:       libprotoc 3.7.0


## ---------------- ##
## Cache variables. ##
## ---------------- ##

ac_cv_build=x86_64-pc-linux-gnu
ac_cv_c_bigendian=no
ac_cv_c_compiler_gnu=yes
ac_cv_cxx_compiler_gnu=yes
ac_cv_env_CCC_set=
ac_cv_env_CCC_value=
ac_cv_env_CC_set=
ac_cv_env_CC_value=
ac_cv_env_CFLAGS_set=
ac_cv_env_CFLAGS_value=
ac_cv_env_CPPFLAGS_set=
ac_cv_env_CPPFLAGS_value=
ac_cv_env_CPP_set=
ac_cv_env_CPP_value=
ac_cv_env_CXXCPP_set=
ac_cv_env_CXXCPP_value=
ac_cv_env_CXXFLAGS_set=
ac_cv_env_CXXFLAGS_value=
ac_cv_env_CXX_set=
ac_cv_env_CXX_value=
ac_cv_env_LDFLAGS_set=
ac_cv_env_LDFLAGS_value=
ac_cv_env_LIBS_set=
ac_cv_env_LIBS_value=
ac_cv_env_LT_SYS_LIBRARY_PATH_set=
ac_cv_env_LT_SYS_LIBRARY_PATH_value=
ac_cv_env_PKG_CONFIG_LIBDIR_set=
ac_cv_env_PKG_CONFIG_LIBDIR_value=
ac_cv_env_PKG_CONFIG_PATH_set=set
ac_cv_env_PKG_CONFIG_PATH_value=../protobuf-all/lib/pkgconfig/
ac_cv_env_PKG_CONFIG_set=
ac_cv_env_PKG_CONFIG_value=
ac_cv_env_PROTOC_set=
ac_cv_env_PROTOC_value=
ac_cv_env_build_alias_set=
ac_cv_env_build_alias_value=
ac_cv_env_host_alias_set=
ac_cv_env_host_alias_value=
ac_cv_env_protobuf_CFLAGS_set=
ac_cv_env_protobuf_CFLAGS_value=
ac_cv_env_protobuf_LIBS_set=
ac_cv_env_protobuf_LIBS_value=
ac_cv_env_target_alias_set=
ac_cv_env_target_alias_value=
ac_cv_header_dlfcn_h=yes
ac_cv_header_google_protobuf_compiler_command_line_interface_h=yes
ac_cv_header_inttypes_h=yes
ac_cv_header_memory_h=yes
ac_cv_header_minix_config_h=no
ac_cv_header_stdc=yes
ac_cv_header_stdint_h=yes
ac_cv_header_stdlib_h=yes
ac_cv_header_string_h=yes
ac_cv_header_strings_h=yes
ac_cv_header_sys_stat_h=yes
ac_cv_header_sys_types_h=yes
ac_cv_header_unistd_h=yes
ac_cv_host=x86_64-pc-linux-gnu
ac_cv_objext=o
ac_cv_path_EGREP='/bin/grep -E'
ac_cv_path_FGREP='/bin/grep -F'
ac_cv_path_GREP=/bin/grep
ac_cv_path_PROTOC=/opt/protoc/protobuf-all/bin/protoc
ac_cv_path_SED=/bin/sed
ac_cv_path_ac_pt_PKG_CONFIG=/usr/bin/pkg-config
ac_cv_path_install='/usr/bin/install -c'
ac_cv_path_lt_DD=/bin/dd
ac_cv_path_mkdir=/bin/mkdir
ac_cv_prog_AWK=gawk
ac_cv_prog_CPP='gcc -E'
ac_cv_prog_CXXCPP='g++ -E'
ac_cv_prog_ac_ct_AR=ar
ac_cv_prog_ac_ct_CC=gcc
ac_cv_prog_ac_ct_CXX=g++
ac_cv_prog_ac_ct_MANIFEST_TOOL=mt
ac_cv_prog_ac_ct_OBJDUMP=objdump
ac_cv_prog_ac_ct_RANLIB=ranlib
ac_cv_prog_ac_ct_STRIP=strip
ac_cv_prog_cc_c89=
ac_cv_prog_cc_c99=
ac_cv_prog_cc_g=yes
ac_cv_prog_cc_stdc=
ac_cv_prog_cxx_g=yes
ac_cv_prog_make_make_set=yes
ac_cv_safe_to_define___extensions__=yes
ac_cv_sys_file_offset_bits=no
ac_cv_sys_largefile_CC=no
am_cv_CC_dependencies_compiler_type=gcc3
am_cv_CXX_dependencies_compiler_type=gcc3
am_cv_make_support_nested_variables=yes
am_cv_prog_cc_c_o=yes
ax_cv_check_cflags___Wc99_c11_compat=yes
ax_cv_check_cflags___Werror_incompatible_pointer_types=yes
ax_cv_check_cflags___Werror_int_conversion=yes
ax_cv_check_cflags___Wnull_dereference=no
ax_cv_cxx_compile_cxx11__std_cpp11=yes
lt_cv_ar_at_file=@
lt_cv_archive_cmds_need_lc=no
lt_cv_deplibs_check_method=pass_all
lt_cv_file_magic_cmd='$MAGIC_CMD'
lt_cv_file_magic_test_file=
lt_cv_ld_reload_flag=-r
lt_cv_nm_interface='BSD nm'
lt_cv_objdir=.libs
lt_cv_path_LD=/usr/bin/ld
lt_cv_path_LDCXX='/usr/bin/ld -m elf_x86_64'
lt_cv_path_NM='/usr/bin/nm -B'
lt_cv_path_mainfest_tool=no
lt_cv_prog_compiler_c_o=yes
lt_cv_prog_compiler_c_o_CXX=yes
lt_cv_prog_compiler_pic='-fPIC -DPIC'
lt_cv_prog_compiler_pic_CXX='-fPIC -DPIC'
lt_cv_prog_compiler_pic_works=yes
lt_cv_prog_compiler_pic_works_CXX=yes
lt_cv_prog_compiler_rtti_exceptions=no
lt_cv_prog_compiler_static_works=yes
lt_cv_prog_compiler_static_works_CXX=yes
lt_cv_prog_gnu_ld=yes
lt_cv_prog_gnu_ldcxx=yes
lt_cv_sharedlib_from_linklib_cmd='printf %s\n'
lt_cv_shlibpath_overrides_runpath=no
lt_cv_sys_global_symbol_pipe='sed -n -e '\''s/^.*[	 ]\([ABCDGIRSTW][ABCDGIRSTW]*\)[	 ][	 ]*\([_A-Za-z][_A-Za-z0-9]*\)$/\1 \2 \2/p'\'' | sed '\''/ __gnu_lto/d'\'''
lt_cv_sys_global_symbol_to_c_name_address='sed -n -e '\''s/^: \(.*\) .*$/  {"\1", (void *) 0},/p'\'' -e '\''s/^[ABCDGIRSTW][ABCDGIRSTW]* .* \(.*\)$/  {"\1", (void *) \&\1},/p'\'''
lt_cv_sys_global_symbol_to_c_name_address_lib_prefix='sed -n -e '\''s/^: \(.*\) .*$/  {"\1", (void *) 0},/p'\'' -e '\''s/^[ABCDGIRSTW][ABCDGIRSTW]* .* \(lib.*\)$/  {"\1", (void *) \&\1},/p'\'' -e '\''s/^[ABCDGIRSTW][ABCDGIRSTW]* .* \(.*\)$/  {"lib\1", (void *) \&\1},/p'\'''
lt_cv_sys_global_symbol_to_cdecl='sed -n -e '\''s/^T .* \(.*\)$/extern int \1();/p'\'' -e '\''s/^[ABCDGIRSTW][ABCDGIRSTW]* .* \(.*\)$/extern char \1;/p'\'''
lt_cv_sys_global_symbol_to_import=
lt_cv_sys_max_cmd_len=1572864
lt_cv_to_host_file_cmd=func_convert_file_noop
lt_cv_to_tool_file_cmd=func_convert_file_noop
lt_cv_truncate_bin='/bin/dd bs=4096 count=1'
pkg_cv_protobuf_CFLAGS='-pthread -I/opt/protoc/protobuf-all/include'
pkg_cv_protobuf_LIBS='-L/opt/protoc/protobuf-all/lib -lprotobuf -pthread'

## ----------------- ##
## Output variables. ##
## ----------------- ##










	$(LCOV) $(code_coverage_quiet) --directory $(CODE_COVERAGE_DIRECTORY) --capture --output-file "$(CODE_COVERAGE_OUTPUT_FILE).tmp" --test-name "$(PACKAGE_NAME)-$(PACKAGE_VERSION)" --no-checksum --compat-libtool $(CODE_COVERAGE_LCOV_OPTIONS)
	$(LCOV) $(code_coverage_quiet) --directory $(CODE_COVERAGE_DIRECTORY) --remove "$(CODE_COVERAGE_OUTPUT_FILE).tmp" "/tmp/*" $(CODE_COVERAGE_IGNORE_PATTERN) --output-file "$(CODE_COVERAGE_OUTPUT_FILE)"
	$(MAKE) $(AM_MAKEFLAGS) code-coverage-capture
	-$(LCOV) --directory $(CODE_COVERAGE_DIRECTORY) -z
	-$(MAKE) $(AM_MAKEFLAGS) -k check
	-@rm -f $(CODE_COVERAGE_OUTPUT_FILE).tmp
	-find . -name "*.gcda" -o -name "*.gcov" -delete
	-rm -rf $(CODE_COVERAGE_OUTPUT_FILE) $(CODE_COVERAGE_OUTPUT_FILE).tmp $(CODE_COVERAGE_OUTPUT_DIRECTORY)
	@echo "Need to reconfigure with --enable-code-coverage"
	@echo "Need to reconfigure with --enable-code-coverage"
	@echo "file://$(abs_builddir)/$(CODE_COVERAGE_OUTPUT_DIRECTORY)/index.html"
	LANG=C $(GENHTML) $(code_coverage_quiet) --prefix $(CODE_COVERAGE_DIRECTORY) --output-directory "$(CODE_COVERAGE_OUTPUT_DIRECTORY)" --title "$(PACKAGE_NAME)-$(PACKAGE_VERSION) Code Coverage" --legend --show-details "$(CODE_COVERAGE_OUTPUT_FILE)" $(CODE_COVERAGE_GENHTML_OPTIONS)
#
#
#    $(PACKAGE_NAME)-$(PACKAGE_VERSION)-coverage)
#    $(PACKAGE_NAME)-$(PACKAGE_VERSION)-coverage.info)
#    (Default: $(top_builddir))
#    (Default: empty)
#    by lcov for code coverage. (Default:
#    instance. (Default: empty)
#    reports to be created. (Default:
#  - CODE_COVERAGE_DIRECTORY: Top-level directory for code coverage reporting.
#  - CODE_COVERAGE_GENHTML_OPTIONS: Extra options to pass to the genhtml
#  - CODE_COVERAGE_IGNORE_PATTERN: Extra glob pattern of files to ignore
#  - CODE_COVERAGE_LCOV_OPTIONS: Extra options to pass to the lcov instance.
#  - CODE_COVERAGE_OUTPUT_DIRECTORY: Directory for generated code coverage
#  - CODE_COVERAGE_OUTPUT_FILE: Filename and path for the .info file generated
# $(PACKAGE_VERSION). In order to add the current git hash to the title,
# Capture code coverage data
# Code coverage
# Hook rule executed before code-coverage-capture, overridable by the user
# Optional variables
# Optional:
# The generated report will be titled using the $(PACKAGE_NAME) and
# Use recursive makes in order to ignore errors during check
# use the git-version-gen script, available online.
'
.PHONY: check-code-coverage code-coverage-capture code-coverage-capture-hook code-coverage-clean
ACLOCAL='${SHELL} /opt/protoc/protobuf-c-1.3.1/build-aux/missing aclocal-1.16'
AMDEPBACKSLASH='\'
AMDEP_FALSE='#'
AMDEP_TRUE=''
AMTAR='$${TAR-tar}'
AM_BACKSLASH='\'
AM_DEFAULT_V='$(AM_DEFAULT_VERBOSITY)'
AM_DEFAULT_VERBOSITY='0'
AM_V='$(V)'
AR='ar'
AUTOCONF='${SHELL} /opt/protoc/protobuf-c-1.3.1/build-aux/missing autoconf'
AUTOHEADER='${SHELL} /opt/protoc/protobuf-c-1.3.1/build-aux/missing autoheader'
AUTOMAKE='${SHELL} /opt/protoc/protobuf-c-1.3.1/build-aux/missing automake-1.16'
AWK='gawk'
BUILD_COMPILER_FALSE='#'
BUILD_COMPILER_TRUE=''
BUILD_PROTO3_FALSE='#'
BUILD_PROTO3_TRUE=''
CC='gcc'
CCDEPMODE='depmode=gcc3'
CFLAGS='-g -O2'
CODE_COVERAGE_CFLAGS=''
CODE_COVERAGE_DIRECTORY ?= $(abs_top_builddir)
CODE_COVERAGE_ENABLED='no'
CODE_COVERAGE_ENABLED_FALSE=''
CODE_COVERAGE_ENABLED_TRUE='#'
CODE_COVERAGE_GENHTML_OPTIONS ?=
CODE_COVERAGE_IGNORE_PATTERN ?=
CODE_COVERAGE_LCOV_OPTIONS ?=
CODE_COVERAGE_LDFLAGS=''
CODE_COVERAGE_OUTPUT_DIRECTORY ?= $(PACKAGE_NAME)-$(PACKAGE_VERSION)-coverage
CODE_COVERAGE_OUTPUT_FILE ?= $(PACKAGE_NAME)-$(PACKAGE_VERSION)-coverage.info
CODE_COVERAGE_RULES='
CPP='gcc -E'
CPPFLAGS=''
CROSS_COMPILING_FALSE=''
CROSS_COMPILING_TRUE='#'
CXX='g++ -std=c++11'
CXXCPP='g++ -E -std=c++11'
CXXDEPMODE='depmode=gcc3'
CXXFLAGS='-g -O2'
CYGPATH_W='echo'
DEFS='-DHAVE_CONFIG_H'
DEPDIR='.deps'
DISTCHECK_CONFIGURE_FLAGS += --disable-code-coverage
DISTCHECK_CONFIGURE_FLAGS ?=
DLLTOOL='false'
DOXYGEN=''
DOXYGEN_INPUT=''
DSYMUTIL=''
DUMPBIN=''
ECHO_C=''
ECHO_N='-n'
ECHO_T=''
EGREP='/bin/grep -E'
EXEEXT=''
FGREP='/bin/grep -F'
GENHTML=''
GITIGNOREFILES += $(CODE_COVERAGE_OUTPUT_FILE) $(CODE_COVERAGE_OUTPUT_DIRECTORY)
GITIGNOREFILES ?=
GREP='/bin/grep'
HAVE_CXX11='1'
HAVE_DOXYGEN_FALSE=''
HAVE_DOXYGEN_TRUE='#'
HAVE_LD_VERSION_SCRIPT_FALSE='#'
HAVE_LD_VERSION_SCRIPT_TRUE=''
INSTALL_DATA='${INSTALL} -m 644'
INSTALL_PROGRAM='${INSTALL}'
INSTALL_SCRIPT='${INSTALL}'
INSTALL_STRIP_PROGRAM='$(install_sh) -c -s'
LCOV=''
LD='/usr/bin/ld -m elf_x86_64'
LDFLAGS=''
LIBOBJS=''
LIBS=''
LIBTOOL='$(SHELL) $(top_builddir)/libtool'
LIPO=''
LN_S='ln -s'
LTLIBOBJS=''
LT_SYS_LIBRARY_PATH=''
MAKEINFO='${SHELL} /opt/protoc/protobuf-c-1.3.1/build-aux/missing makeinfo'
MANIFEST_TOOL=':'
MKDIR_P='/bin/mkdir -p'
NM='/usr/bin/nm -B'
NMEDIT=''
OBJDUMP='objdump'
OBJEXT='o'
OTOOL64=''
OTOOL=''
PACKAGE='protobuf-c'
PACKAGE_BUGREPORT='https://github.com/protobuf-c/protobuf-c/issues'
PACKAGE_DESCRIPTION='Protocol Buffers implementation in C'
PACKAGE_NAME='protobuf-c'
PACKAGE_STRING='protobuf-c 1.3.1'
PACKAGE_TARNAME='protobuf-c'
PACKAGE_URL='https://github.com/protobuf-c/protobuf-c'
PACKAGE_VERSION='1.3.1'
PATH_SEPARATOR=':'
PKG_CONFIG='/usr/bin/pkg-config'
PKG_CONFIG_LIBDIR=''
PKG_CONFIG_PATH='../protobuf-all/lib/pkgconfig/'
PROTOC='/opt/protoc/protobuf-all/bin/protoc'
RANLIB='ranlib'
SED='/bin/sed'
SET_MAKE=''
SHELL='/bin/sh'
STRIP='strip'
VALGRIND=''
VERSION='1.3.1'
ac_ct_AR='ar'
ac_ct_CC='gcc'
ac_ct_CXX='g++'
ac_ct_DUMPBIN=''
am__EXEEXT_FALSE=''
am__EXEEXT_TRUE='#'
am__fastdepCC_FALSE='#'
am__fastdepCC_TRUE=''
am__fastdepCXX_FALSE='#'
am__fastdepCXX_TRUE=''
am__include='include'
am__isrc=''
am__leading_dot='.'
am__nodep='_no'
am__quote=''
am__tar='$${TAR-tar} chof - "$$tardir"'
am__untar='$${TAR-tar} xf -'
bindir='${exec_prefix}/bin'
build='x86_64-pc-linux-gnu'
build_alias=''
build_cpu='x86_64'
build_os='linux-gnu'
build_vendor='pc'
check-code-coverage:
clean: code-coverage-clean
code-coverage-capture-hook:
code-coverage-capture: code-coverage-capture-hook
code-coverage-clean:
code_coverage_quiet = $(code_coverage_quiet_$(V))
code_coverage_quiet_ = $(code_coverage_quiet_$(AM_DEFAULT_VERBOSITY))
code_coverage_quiet_0 = --quiet
datadir='${datarootdir}'
datarootdir='${prefix}/share'
docdir='${datarootdir}/doc/${PACKAGE_TARNAME}'
dvidir='${docdir}'
else
else
endif
endif
endif
exec_prefix='${prefix}'
host='x86_64-pc-linux-gnu'
host_alias=''
host_cpu='x86_64'
host_os='linux-gnu'
host_vendor='pc'
htmldir='${docdir}'
ifeq ($(CODE_COVERAGE_ENABLED),yes)
ifeq ($(CODE_COVERAGE_ENABLED),yes)
ifeq ($(CODE_COVERAGE_ENABLED),yes)
includedir='${prefix}/include'
infodir='${datarootdir}/info'
install_sh='${SHELL} /opt/protoc/protobuf-c-1.3.1/build-aux/install-sh'
libdir='${exec_prefix}/lib'
libexecdir='${exec_prefix}/libexec'
localedir='${datarootdir}/locale'
localstatedir='${prefix}/var'
mandir='${datarootdir}/man'
mkdir_p='$(MKDIR_P)'
my_CFLAGS='-Wall -Wchar-subscripts -Wdeclaration-after-statement -Wformat-security -Wmissing-declarations -Wmissing-prototypes -Wnested-externs -Wpointer-arith -Wshadow -Wsign-compare -Wstrict-prototypes -Wtype-limits  -Wc99-c11-compat -Werror=incompatible-pointer-types -Werror=int-conversion'
oldincludedir='/usr/include'
pdfdir='${docdir}'
pkgconfigdir='${libdir}/pkgconfig'
prefix='/opt/protoc/protocbuf-dsp'
program_transform_name='s,x,x,'
protobuf_CFLAGS='-pthread -I/opt/protoc/protobuf-all/include'
protobuf_LIBS='-L/opt/protoc/protobuf-all/lib -lprotobuf -pthread'
psdir='${docdir}'
runstatedir='${localstatedir}/run'
sbindir='${exec_prefix}/sbin'
sharedstatedir='${prefix}/com'
sysconfdir='${prefix}/etc'
target_alias=''

## ----------- ##
## confdefs.h. ##
## ----------- ##

/* confdefs.h */
#define PACKAGE_NAME "protobuf-c"
#define PACKAGE_TARNAME "protobuf-c"
#define PACKAGE_VERSION "1.3.1"
#define PACKAGE_STRING "protobuf-c 1.3.1"
#define PACKAGE_BUGREPORT "https://github.com/protobuf-c/protobuf-c/issues"
#define PACKAGE_URL "https://github.com/protobuf-c/protobuf-c"
#define PACKAGE "protobuf-c"
#define VERSION "1.3.1"
#define STDC_HEADERS 1
#define HAVE_SYS_TYPES_H 1
#define HAVE_SYS_STAT_H 1
#define HAVE_STDLIB_H 1
#define HAVE_STRING_H 1
#define HAVE_MEMORY_H 1
#define HAVE_STRINGS_H 1
#define HAVE_INTTYPES_H 1
#define HAVE_STDINT_H 1
#define HAVE_UNISTD_H 1
#define __EXTENSIONS__ 1
#define _ALL_SOURCE 1
#define _GNU_SOURCE 1
#define _POSIX_PTHREAD_SEMANTICS 1
#define _TANDEM_SOURCE 1
#define HAVE_DLFCN_H 1
#define LT_OBJDIR ".libs/"
#define HAVE_CXX11 1
#define HAVE_GOOGLE_PROTOBUF_COMPILER_COMMAND_LINE_INTERFACE_H 1
#define HAVE_PROTO3 1

configure: exit 0

## ---------------------- ##
## Running config.status. ##
## ---------------------- ##

This file was extended by protobuf-c config.status 1.3.1, which was
generated by GNU Autoconf 2.69.  Invocation command line was

  CONFIG_FILES    = 
  CONFIG_HEADERS  = 
  CONFIG_LINKS    = 
  CONFIG_COMMANDS = 
  $ ./config.status protobuf-c/libprotobuf-c.pc

on user1-yanhua-32g-1

config.status:1266: creating protobuf-c/libprotobuf-c.pc
